  源.cpp
C:\Users\86136\Desktop\课程资料\数据结构\courses\SearchStructure\AVL\AVLTree.h(22,1): error C2664: “bool AVLTree<D,int>::Remove(AVLNode<E,K> *&,K,E &)”: 无法将参数 1 从“BSTNode<E,K> *”转换为“AVLNode<E,K> *&”
          with
          [
              E=D,
              K=int
          ]
C:\Users\86136\Desktop\课程资料\数据结构\courses\SearchStructure\AVL\AVLTree.h(46,7): message : 参见“AVLTree<D,int>::Remove”的声明
C:\Users\86136\Desktop\课程资料\数据结构\courses\SearchStructure\AVL\AVLTree.h(22): message : 在编译 类 模板 成员函数“bool AVLTree<D,int>::Remove(K,E &)”时
          with
          [
              K=int,
              E=D
          ]
C:\Users\86136\Desktop\课程资料\数据结构\courses\SearchStructure\AVL\源.cpp(27): message : 查看对正在编译的函数 模板 实例化“bool AVLTree<D,int>::Remove(K,E &)”的引用
          with
          [
              K=int,
              E=D
          ]
C:\Users\86136\Desktop\课程资料\数据结构\courses\SearchStructure\AVL\源.cpp(20): message : 查看对正在编译的 类 模板 实例化“AVLTree<D,int>”的引用
