  源.cpp
C:\Users\86136\Desktop\课程资料\数据结构\courses\ArrayStringGeneralizedList\GenList\GenList.hpp(250,1): error C2440: “初始化”: 无法从“T *”转换为“GenListNode<char> *”
          with
          [
              T=GenListNode<char> *
          ]
C:\Users\86136\Desktop\课程资料\数据结构\courses\ArrayStringGeneralizedList\GenList\GenList.hpp(250,23): message : 与指向的类型无关；强制转换要求 reinterpret_cast、C 样式强制转换或函数样式强制转换
C:\Users\86136\Desktop\课程资料\数据结构\courses\ArrayStringGeneralizedList\GenList\GenList.hpp(240): message : 在编译 类 模板 成员函数“void GenList<T>::CreateList(std::istream &,GenListNode<T> *,SeqList<T> &,SeqList<GenListNode<T> *> &)”时
          with
          [
              T=char
          ]
C:\Users\86136\Desktop\课程资料\数据结构\courses\ArrayStringGeneralizedList\GenList\GenList.hpp(75): message : 查看对正在编译的函数 模板 实例化“void GenList<T>::CreateList(std::istream &,GenListNode<T> *,SeqList<T> &,SeqList<GenListNode<T> *> &)”的引用
          with
          [
              T=char
          ]
C:\Users\86136\Desktop\课程资料\数据结构\courses\ArrayStringGeneralizedList\GenList\源.cpp(6): message : 查看对正在编译的 类 模板 实例化“GenList<T>”的引用
          with
          [
              T=char
          ]
C:\Users\86136\Desktop\课程资料\数据结构\courses\ArrayStringGeneralizedList\GenList\GenList.hpp(251,1): error C2039: "ref": 不是 "GenListNode<char>" 的成员
C:\Users\86136\Desktop\课程资料\数据结构\courses\ArrayStringGeneralizedList\GenList\源.cpp(5): message : 参见“GenListNode<char>”的声明
C:\Users\86136\Desktop\课程资料\数据结构\courses\ArrayStringGeneralizedList\GenList\GenList.hpp(262,1): error C2039: "ref": 不是 "GenListNode<char>" 的成员
C:\Users\86136\Desktop\课程资料\数据结构\courses\ArrayStringGeneralizedList\GenList\源.cpp(5): message : 参见“GenListNode<char>”的声明
C:\Users\86136\Desktop\课程资料\数据结构\courses\LinearList\LinearList\SeqList.hpp(137,1): error C2679: 二进制“>>”: 没有找到接受“T”类型的右操作数的运算符(或没有可接受的转换)
          with
          [
              T=GenListNode<char> *
          ]
C:\Program Files (x86)\Microsoft Visual Studio\2019\Community\VC\Tools\MSVC\14.25.28610\include\istream(295,39): message : 可能是“std::basic_istream<char,std::char_traits<char>> &std::basic_istream<char,std::char_traits<char>>::operator >>(std::basic_streambuf<char,std::char_traits<char>> *)”
C:\Program Files (x86)\Microsoft Visual Studio\2019\Community\VC\Tools\MSVC\14.25.28610\include\istream(291,39): message : 或    “std::basic_istream<char,std::char_traits<char>> &std::basic_istream<char,std::char_traits<char>>::operator >>(void *&)”
C:\Program Files (x86)\Microsoft Visual Studio\2019\Community\VC\Tools\MSVC\14.25.28610\include\istream(287,39): message : 或    “std::basic_istream<char,std::char_traits<char>> &std::basic_istream<char,std::char_traits<char>>::operator >>(long double &)”
C:\Program Files (x86)\Microsoft Visual Studio\2019\Community\VC\Tools\MSVC\14.25.28610\include\istream(283,39): message : 或    “std::basic_istream<char,std::char_traits<char>> &std::basic_istream<char,std::char_traits<char>>::operator >>(double &)”
C:\Program Files (x86)\Microsoft Visual Studio\2019\Community\VC\Tools\MSVC\14.25.28610\include\istream(279,39): message : 或    “std::basic_istream<char,std::char_traits<char>> &std::basic_istream<char,std::char_traits<char>>::operator >>(float &)”
C:\Program Files (x86)\Microsoft Visual Studio\2019\Community\VC\Tools\MSVC\14.25.28610\include\istream(275,39): message : 或    “std::basic_istream<char,std::char_traits<char>> &std::basic_istream<char,std::char_traits<char>>::operator >>(unsigned __int64 &)”
C:\Program Files (x86)\Microsoft Visual Studio\2019\Community\VC\Tools\MSVC\14.25.28610\include\istream(271,39): message : 或    “std::basic_istream<char,std::char_traits<char>> &std::basic_istream<char,std::char_traits<char>>::operator >>(__int64 &)”
C:\Program Files (x86)\Microsoft Visual Studio\2019\Community\VC\Tools\MSVC\14.25.28610\include\istream(267,39): message : 或    “std::basic_istream<char,std::char_traits<char>> &std::basic_istream<char,std::char_traits<char>>::operator >>(unsigned long &)”
C:\Program Files (x86)\Microsoft Visual Studio\2019\Community\VC\Tools\MSVC\14.25.28610\include\istream(263,39): message : 或    “std::basic_istream<char,std::char_traits<char>> &std::basic_istream<char,std::char_traits<char>>::operator >>(long &)”
C:\Program Files (x86)\Microsoft Visual Studio\2019\Community\VC\Tools\MSVC\14.25.28610\include\istream(259,39): message : 或    “std::basic_istream<char,std::char_traits<char>> &std::basic_istream<char,std::char_traits<char>>::operator >>(unsigned int &)”
C:\Program Files (x86)\Microsoft Visual Studio\2019\Community\VC\Tools\MSVC\14.25.28610\include\istream(251,39): message : 或    “std::basic_istream<char,std::char_traits<char>> &std::basic_istream<char,std::char_traits<char>>::operator >>(int &)”
C:\Program Files (x86)\Microsoft Visual Studio\2019\Community\VC\Tools\MSVC\14.25.28610\include\istream(247,39): message : 或    “std::basic_istream<char,std::char_traits<char>> &std::basic_istream<char,std::char_traits<char>>::operator >>(unsigned short &)”
C:\Program Files (x86)\Microsoft Visual Studio\2019\Community\VC\Tools\MSVC\14.25.28610\include\istream(215,39): message : 或    “std::basic_istream<char,std::char_traits<char>> &std::basic_istream<char,std::char_traits<char>>::operator >>(short &)”
C:\Program Files (x86)\Microsoft Visual Studio\2019\Community\VC\Tools\MSVC\14.25.28610\include\istream(211,39): message : 或    “std::basic_istream<char,std::char_traits<char>> &std::basic_istream<char,std::char_traits<char>>::operator >>(bool &)”
C:\Program Files (x86)\Microsoft Visual Studio\2019\Community\VC\Tools\MSVC\14.25.28610\include\istream(189,39): message : 或    “std::basic_istream<char,std::char_traits<char>> &std::basic_istream<char,std::char_traits<char>>::operator >>(std::ios_base &(__cdecl *)(std::ios_base &))”
C:\Program Files (x86)\Microsoft Visual Studio\2019\Community\VC\Tools\MSVC\14.25.28610\include\istream(184,39): message : 或    “std::basic_istream<char,std::char_traits<char>> &std::basic_istream<char,std::char_traits<char>>::operator >>(std::basic_ios<char,std::char_traits<char>> &(__cdecl *)(std::basic_ios<char,std::char_traits<char>> &))”
C:\Program Files (x86)\Microsoft Visual Studio\2019\Community\VC\Tools\MSVC\14.25.28610\include\istream(179,39): message : 或    “std::basic_istream<char,std::char_traits<char>> &std::basic_istream<char,std::char_traits<char>>::operator >>(std::basic_istream<char,std::char_traits<char>> &(__cdecl *)(std::basic_istream<char,std::char_traits<char>> &))”
C:\Users\86136\Desktop\课程资料\数据结构\courses\ArrayStringGeneralizedList\GenList\GenList.hpp(16,18): message : 或    “std::istream &operator >>(std::istream &,GenList<T> &)”[使用参数相关的查找找到]
          with
          [
              T=char
          ]
C:\Program Files (x86)\Microsoft Visual Studio\2019\Community\VC\Tools\MSVC\14.25.28610\include\istream(868,31): message : 或    “std::basic_istream<char,std::char_traits<char>> &std::operator >><std::char_traits<char>>(std::basic_istream<char,std::char_traits<char>> &,unsigned char &)”
C:\Program Files (x86)\Microsoft Visual Studio\2019\Community\VC\Tools\MSVC\14.25.28610\include\istream(862,31): message : 或    “std::basic_istream<char,std::char_traits<char>> &std::operator >><std::char_traits<char>>(std::basic_istream<char,std::char_traits<char>> &,signed char &)”
C:\Program Files (x86)\Microsoft Visual Studio\2019\Community\VC\Tools\MSVC\14.25.28610\include\istream(833,31): message : 或    “std::basic_istream<char,std::char_traits<char>> &std::operator >><std::char_traits<char>>(std::basic_istream<char,std::char_traits<char>> &,unsigned char *)”
C:\Program Files (x86)\Microsoft Visual Studio\2019\Community\VC\Tools\MSVC\14.25.28610\include\istream(828,31): message : 或    “std::basic_istream<char,std::char_traits<char>> &std::operator >><std::char_traits<char>>(std::basic_istream<char,std::char_traits<char>> &,signed char *)”
C:\Users\86136\Desktop\课程资料\数据结构\courses\LinearList\LinearList\SeqList.hpp(137,1): message : 尝试匹配参数列表“(std::istream, T)”时
          with
          [
              T=GenListNode<char> *
          ]
C:\Users\86136\Desktop\课程资料\数据结构\courses\LinearList\LinearList\SeqList.hpp(128): message : 在编译 类 模板 成员函数“void SeqList<GenListNode<char> *>::input(void)”时
C:\Users\86136\Desktop\课程资料\数据结构\courses\ArrayStringGeneralizedList\GenList\GenList.hpp(74): message : 查看对正在编译的 类 模板 实例化“SeqList<GenListNode<char> *>”的引用
C:\Users\86136\Desktop\课程资料\数据结构\courses\ArrayStringGeneralizedList\GenList\GenList.hpp(69): message : 在编译 类 模板 成员函数“std::istream &operator >>(std::istream &,GenList<T> &)”时
          with
          [
              T=char
          ]
C:\Users\86136\Desktop\课程资料\数据结构\courses\ArrayStringGeneralizedList\GenList\源.cpp(7): message : 查看对正在编译的函数 模板 实例化“std::istream &operator >>(std::istream &,GenList<T> &)”的引用
          with
          [
              T=char
          ]
